2023-12-13T14:50:56,151 INFO [main] StartProcessing: -------- Processing UDP packets --------
2023-12-13T14:50:56,152 INFO [main] StartProcessing: Frame#: 136, Time: 6.174016351
2023-12-13T14:50:56,153 DEBUG [main] processmessage: Processing SECCDiscoveryReq
2023-12-13T14:50:56,153 INFO [main] processmessage: SECCDiscoveryReq security setting: secured with TLS
2023-12-13T14:50:56,153 INFO [main] processmessage: SECCDiscoveryReq transport protocol setting: TCP

2023-12-13T14:50:56,153 INFO [main] StartProcessing: Frame#: 137, Time: 6.175334414
2023-12-13T14:50:56,153 DEBUG [main] processmessage: Processing SECCDiscoveryRes
2023-12-13T14:50:56,153 INFO [main] processmessage: SECC IP Address: fe800000000000002f69c5ce924c4460
2023-12-13T14:50:56,153 INFO [main] processmessage: SECC port number: 54144
2023-12-13T14:50:56,153 INFO [main] processmessage: SECCDiscoveryRes security setting: secured with TLS
2023-12-13T14:50:56,153 INFO [main] processmessage: SECCDiscoveryRes transport protocol setting: TCP

2023-12-13T14:50:56,153 INFO [main] StartProcessing: -------- Processing TLS packets --------
2023-12-13T14:50:56,153 INFO [main] StartProcessing: Frame#: 151, Time: 6.266966294
2023-12-13T14:50:56,154 INFO [main] processmessage: Processing SupportedAppProtocol
2023-12-13T14:50:56,184 INFO [main] decodeHexString: XML representation of SupportedAppProtocolReq: 
2023-12-13T14:50:56,195 INFO [main] decodeHexString: 
<ns2:supportedAppProtocolReq xmlns:ns2="urn:iso:15118:2:2010:AppProtocol" xmlns:ns6="urn:iso:15118:2:2013:MsgDef" xmlns:ns5="http://www.w3.org/2000/09/xmldsig#" xmlns:ns7="urn:iso:15118:2:2013:MsgBody" xmlns:ns4="urn:iso:15118:2:2013:MsgDataTypes" xmlns:ns3="urn:iso:15118:2:2013:MsgHeader">
    <AppProtocol>
        <ProtocolNamespace>urn:iso:15118:2:2013:MsgDef</ProtocolNamespace>
        <VersionNumberMajor>2</VersionNumberMajor>
        <VersionNumberMinor>0</VersionNumberMinor>
        <SchemaID>1</SchemaID>
        <Priority>1</Priority>
    </AppProtocol>
    <AppProtocol>
        <ProtocolNamespace>urn:iso:std:iso:15118:-20:AC</ProtocolNamespace>
        <VersionNumberMajor>1</VersionNumberMajor>
        <VersionNumberMinor>0</VersionNumberMinor>
        <SchemaID>2</SchemaID>
        <Priority>2</Priority>
    </AppProtocol>
</ns2:supportedAppProtocolReq>

2023-12-13T14:50:56,195 INFO [main] StartProcessing: Frame#: 157, Time: 6.328241490
2023-12-13T14:50:56,195 INFO [main] processmessage: Processing SupportedAppProtocol
2023-12-13T14:50:56,196 INFO [main] decodeHexString: XML representation of SupportedAppProtocolRes: 
2023-12-13T14:50:56,196 INFO [main] decodeHexString: 
<ns2:supportedAppProtocolRes xmlns:ns2="urn:iso:15118:2:2010:AppProtocol" xmlns:ns6="urn:iso:15118:2:2013:MsgDef" xmlns:ns5="http://www.w3.org/2000/09/xmldsig#" xmlns:ns7="urn:iso:15118:2:2013:MsgBody" xmlns:ns4="urn:iso:15118:2:2013:MsgDataTypes" xmlns:ns3="urn:iso:15118:2:2013:MsgHeader">
    <ResponseCode>OK_SuccessfulNegotiation</ResponseCode>
    <SchemaID>2</SchemaID>
</ns2:supportedAppProtocolRes>

2023-12-13T14:50:56,197 INFO [main] StartProcessing: Frame#: 161, Time: 6.538468740
2023-12-13T14:50:56,197 INFO [main] processmessage: Processing other V2GTPmessages
2023-12-13T14:50:56,204 INFO [main] StartProcessing: Frame#: 163, Time: 6.633351983
2023-12-13T14:50:56,205 ERROR [main] processmessage: Payload type not supported! Proposed payload type: 10000000 00000010 
2023-12-13T14:50:56,206 WARN [main] processmessage: Received incoming message is not a valid V2GTPMessage
2023-12-13T14:50:56,206 INFO [main] StartProcessing: Frame#: 167, Time: 6.752689653
2023-12-13T14:50:56,206 ERROR [main] processmessage: Payload type not supported! Proposed payload type: 10000000 00000010 
2023-12-13T14:50:56,206 WARN [main] processmessage: Received incoming message is not a valid V2GTPMessage
2023-12-13T14:50:56,206 INFO [main] StartProcessing: Frame#: 169, Time: 6.833098359
2023-12-13T14:50:56,206 ERROR [main] processmessage: Payload type not supported! Proposed payload type: 10000000 00000010 
2023-12-13T14:50:56,206 WARN [main] processmessage: Received incoming message is not a valid V2GTPMessage
2023-12-13T14:50:56,206 INFO [main] StartProcessing: Frame#: 173, Time: 7.061594445
2023-12-13T14:50:56,206 ERROR [main] processmessage: Payload type not supported! Proposed payload type: 10000000 00000010 
2023-12-13T14:50:56,206 WARN [main] processmessage: Received incoming message is not a valid V2GTPMessage
2023-12-13T14:50:56,206 INFO [main] StartProcessing: Frame#: 175, Time: 7.171125220
2023-12-13T14:50:56,206 ERROR [main] processmessage: Payload type not supported! Proposed payload type: 10000000 00000010 
2023-12-13T14:50:56,206 WARN [main] processmessage: Received incoming message is not a valid V2GTPMessage
2023-12-13T14:50:56,207 INFO [main] StartProcessing: Frame#: 178, Time: 7.341444478
2023-12-13T14:50:56,207 ERROR [main] processmessage: Payload type not supported! Proposed payload type: 10000000 00000010 
2023-12-13T14:50:56,207 WARN [main] processmessage: Received incoming message is not a valid V2GTPMessage
2023-12-13T14:50:56,207 INFO [main] StartProcessing: Frame#: 180, Time: 7.383070634
2023-12-13T14:50:56,207 ERROR [main] processmessage: Payload type not supported! Proposed payload type: 10000000 00000010 
2023-12-13T14:50:56,207 WARN [main] processmessage: Received incoming message is not a valid V2GTPMessage
2023-12-13T14:50:56,207 INFO [main] StartProcessing: Frame#: 182, Time: 7.446213782
2023-12-13T14:50:56,207 ERROR [main] processmessage: Payload type not supported! Proposed payload type: 10000000 00000010 
2023-12-13T14:50:56,207 WARN [main] processmessage: Received incoming message is not a valid V2GTPMessage
2023-12-13T14:50:56,207 INFO [main] StartProcessing: Frame#: 184, Time: 7.478317409
2023-12-13T14:50:56,207 ERROR [main] processmessage: Payload type not supported! Proposed payload type: 10000000 00000010 
2023-12-13T14:50:56,207 WARN [main] processmessage: Received incoming message is not a valid V2GTPMessage
2023-12-13T14:50:56,207 INFO [main] StartProcessing: Frame#: 188, Time: 7.548822052
2023-12-13T14:50:56,207 ERROR [main] processmessage: Payload type not supported! Proposed payload type: 10000000 00000010 
2023-12-13T14:50:56,207 WARN [main] processmessage: Received incoming message is not a valid V2GTPMessage
2023-12-13T14:50:56,207 INFO [main] StartProcessing: Frame#: 189, Time: 7.581798947
2023-12-13T14:50:56,207 ERROR [main] processmessage: Payload type not supported! Proposed payload type: 10000000 00000010 
2023-12-13T14:50:56,207 WARN [main] processmessage: Received incoming message is not a valid V2GTPMessage
2023-12-13T14:50:56,207 INFO [main] StartProcessing: Frame#: 191, Time: 7.657570840
2023-12-13T14:50:56,207 ERROR [main] processmessage: Payload type not supported! Proposed payload type: 10000000 00000011 
2023-12-13T14:50:56,207 WARN [main] processmessage: Received incoming message is not a valid V2GTPMessage
2023-12-13T14:50:56,208 INFO [main] StartProcessing: Frame#: 193, Time: 7.702839781
2023-12-13T14:50:56,208 ERROR [main] processmessage: Payload type not supported! Proposed payload type: 10000000 00000011 
2023-12-13T14:50:56,208 WARN [main] processmessage: Received incoming message is not a valid V2GTPMessage
2023-12-13T14:50:56,208 INFO [main] StartProcessing: Frame#: 195, Time: 7.755128743
2023-12-13T14:50:56,208 ERROR [main] processmessage: Payload type not supported! Proposed payload type: 10000000 00000010 
2023-12-13T14:50:56,208 WARN [main] processmessage: Received incoming message is not a valid V2GTPMessage
2023-12-13T14:50:56,208 INFO [main] StartProcessing: Frame#: 197, Time: 7.789783818
2023-12-13T14:50:56,208 ERROR [main] processmessage: Payload type not supported! Proposed payload type: 10000000 00000010 
2023-12-13T14:50:56,208 WARN [main] processmessage: Received incoming message is not a valid V2GTPMessage
2023-12-13T14:50:56,208 INFO [main] StartProcessing: Frame#: 199, Time: 7.857442959
2023-12-13T14:50:56,208 ERROR [main] processmessage: Payload type not supported! Proposed payload type: 10000000 00000010 
2023-12-13T14:50:56,208 WARN [main] processmessage: Received incoming message is not a valid V2GTPMessage
2023-12-13T14:50:56,208 INFO [main] StartProcessing: Frame#: 200, Time: 7.882433877
2023-12-13T14:50:56,208 ERROR [main] processmessage: Payload type not supported! Proposed payload type: 10000000 00000010 
2023-12-13T14:50:56,208 WARN [main] processmessage: Received incoming message is not a valid V2GTPMessage
2023-12-13T14:50:56,208 INFO [main] StartProcessing: Frame#: 202, Time: 7.947171073
2023-12-13T14:50:56,208 ERROR [main] processmessage: Payload type not supported! Proposed payload type: 10000000 00000011 
2023-12-13T14:50:56,208 WARN [main] processmessage: Received incoming message is not a valid V2GTPMessage
2023-12-13T14:50:56,208 INFO [main] StartProcessing: Frame#: 203, Time: 7.969218417
2023-12-13T14:50:56,208 ERROR [main] processmessage: Payload type not supported! Proposed payload type: 10000000 00000011 
2023-12-13T14:50:56,208 WARN [main] processmessage: Received incoming message is not a valid V2GTPMessage
2023-12-13T14:50:56,209 INFO [main] StartProcessing: Frame#: 205, Time: 8.022463464
2023-12-13T14:50:56,209 ERROR [main] processmessage: Payload type not supported! Proposed payload type: 10000000 00000011 
2023-12-13T14:50:56,209 WARN [main] processmessage: Received incoming message is not a valid V2GTPMessage
2023-12-13T14:50:56,209 INFO [main] StartProcessing: Frame#: 206, Time: 8.040102859
2023-12-13T14:50:56,209 ERROR [main] processmessage: Payload type not supported! Proposed payload type: 10000000 00000011 
2023-12-13T14:50:56,209 WARN [main] processmessage: Received incoming message is not a valid V2GTPMessage
2023-12-13T14:50:56,209 INFO [main] StartProcessing: Frame#: 208, Time: 8.079001759
2023-12-13T14:50:56,209 ERROR [main] processmessage: Payload type not supported! Proposed payload type: 10000000 00000011 
2023-12-13T14:50:56,209 WARN [main] processmessage: Received incoming message is not a valid V2GTPMessage
2023-12-13T14:50:56,209 INFO [main] StartProcessing: Frame#: 210, Time: 8.095752782
2023-12-13T14:50:56,209 ERROR [main] processmessage: Payload type not supported! Proposed payload type: 10000000 00000011 
2023-12-13T14:50:56,209 WARN [main] processmessage: Received incoming message is not a valid V2GTPMessage
2023-12-13T14:50:56,209 INFO [main] StartProcessing: Frame#: 212, Time: 8.152981599
2023-12-13T14:50:56,209 ERROR [main] processmessage: Payload type not supported! Proposed payload type: 10000000 00000010 
2023-12-13T14:50:56,209 WARN [main] processmessage: Received incoming message is not a valid V2GTPMessage
2023-12-13T14:50:56,209 INFO [main] StartProcessing: Frame#: 213, Time: 8.193325949
2023-12-13T14:50:56,209 ERROR [main] processmessage: Payload type not supported! Proposed payload type: 10000000 00000010 
2023-12-13T14:50:56,209 WARN [main] processmessage: Received incoming message is not a valid V2GTPMessage
2023-12-13T14:50:56,209 INFO [main] StartProcessing: Frame#: 215, Time: 8.244266670
2023-12-13T14:50:56,209 INFO [main] processmessage: Processing other V2GTPmessages
2023-12-13T14:50:56,211 INFO [main] StartProcessing: Frame#: 217, Time: 8.285545503
2023-12-13T14:50:56,211 ERROR [main] processmessage: Payload type not supported! Proposed payload type: 10000000 00000010 
2023-12-13T14:50:56,211 WARN [main] processmessage: Received incoming message is not a valid V2GTPMessage
